<?xml version="1.0" encoding="UTF-8"?>
<!-- Generated by org.testng.reporters.JUnitReportReporter -->
<testsuite hostname="IMP-THN112" failures="0" tests="3" name="TestingProj.TestNg" time="30.715" errors="0" timestamp="2024-08-24T16:21:39 IST" skipped="0">
  <testcase classname="TestingProj.TestNg" name="GoogleTitleTest" time="7.472"/>
  <system-out/>
  <testcase classname="TestingProj.TestNg" name="MyCartLink" time="8.541"/>
  <system-out/>
  <testcase classname="TestingProj.TestNg" name="GoogleLogoTest" time="14.702"/>
  <system-out/>
</testsuite> <!-- TestingProj.TestNg -->
